<?xml version="1.0" encoding="UTF-8"?>
<testng-results ignored="0" total="4" passed="4" failed="0" skipped="0">
  <reporter-output>
  </reporter-output>
  <suite started-at="2022-09-02T16:41:43 WIB" name="Default suite" finished-at="2022-09-02T16:44:43 WIB" duration-ms="179975">
    <groups>
      <group name="cucumber">
        <method signature="AbstractTestNGCucumberTests.runScenario(io.cucumber.testng.PickleWrapper,io.cucumber.testng.FeatureWrapper)[pri:0, instance:com.juaracoding.pageobject.step_definitions.TestRunnerOne@4cc451f2]" name="runScenario" class="io.cucumber.testng.AbstractTestNGCucumberTests"/>
      </group> <!-- cucumber -->
    </groups>
    <test started-at="2022-09-02T16:41:43 WIB" name="Default test" finished-at="2022-09-02T16:44:43 WIB" duration-ms="179975">
      <class name="com.juaracoding.pageobject.step_definitions.TestRunnerOne">
        <test-method is-config="true" signature="setUpClass(org.testng.ITestContext)[pri:0, instance:com.juaracoding.pageobject.step_definitions.TestRunnerOne@4cc451f2]" started-at="2022-09-02T16:41:43 WIB" name="setUpClass" finished-at="2022-09-02T16:41:45 WIB" duration-ms="1392" status="PASS">
          <params>
            <param index="0">
              <value>
                <![CDATA[org.testng.TestRunner@58b91d57]]>
              </value>
            </param>
          </params>
          <reporter-output>
          </reporter-output>
        </test-method> <!-- setUpClass -->
        <test-method signature="runScenario(io.cucumber.testng.PickleWrapper,io.cucumber.testng.FeatureWrapper)[pri:0, instance:com.juaracoding.pageobject.step_definitions.TestRunnerOne@4cc451f2]" started-at="2022-09-02T16:41:45 WIB" name="runScenario" description="Runs Cucumber Scenarios" data-provider="scenarios" finished-at="2022-09-02T16:42:46 WIB" duration-ms="61640" status="PASS">
          <params>
            <param index="0">
              <value>
                <![CDATA["Account failed login"]]>
              </value>
            </param>
            <param index="1">
              <value>
                <![CDATA["Login Account"]]>
              </value>
            </param>
          </params>
          <reporter-output>
          </reporter-output>
        </test-method> <!-- runScenario -->
        <test-method signature="runScenario(io.cucumber.testng.PickleWrapper,io.cucumber.testng.FeatureWrapper)[pri:0, instance:com.juaracoding.pageobject.step_definitions.TestRunnerOne@4cc451f2]" started-at="2022-09-02T16:42:46 WIB" name="runScenario" description="Runs Cucumber Scenarios" data-provider="scenarios" finished-at="2022-09-02T16:43:07 WIB" duration-ms="20983" status="PASS">
          <params>
            <param index="0">
              <value>
                <![CDATA["Account succes login"]]>
              </value>
            </param>
            <param index="1">
              <value>
                <![CDATA["Login Account"]]>
              </value>
            </param>
          </params>
          <reporter-output>
          </reporter-output>
        </test-method> <!-- runScenario -->
        <test-method signature="runScenario(io.cucumber.testng.PickleWrapper,io.cucumber.testng.FeatureWrapper)[pri:0, instance:com.juaracoding.pageobject.step_definitions.TestRunnerOne@4cc451f2]" started-at="2022-09-02T16:43:07 WIB" name="runScenario" description="Runs Cucumber Scenarios" data-provider="scenarios" finished-at="2022-09-02T16:44:02 WIB" duration-ms="54750" status="PASS">
          <params>
            <param index="0">
              <value>
                <![CDATA["Search product"]]>
              </value>
            </param>
            <param index="1">
              <value>
                <![CDATA["Checkout Product"]]>
              </value>
            </param>
          </params>
          <reporter-output>
          </reporter-output>
        </test-method> <!-- runScenario -->
        <test-method signature="runScenario(io.cucumber.testng.PickleWrapper,io.cucumber.testng.FeatureWrapper)[pri:0, instance:com.juaracoding.pageobject.step_definitions.TestRunnerOne@4cc451f2]" started-at="2022-09-02T16:44:02 WIB" name="runScenario" description="Runs Cucumber Scenarios" data-provider="scenarios" finished-at="2022-09-02T16:44:39 WIB" duration-ms="36453" status="PASS">
          <params>
            <param index="0">
              <value>
                <![CDATA["Add 2 product and checkout"]]>
              </value>
            </param>
            <param index="1">
              <value>
                <![CDATA["Checkout Product"]]>
              </value>
            </param>
          </params>
          <reporter-output>
          </reporter-output>
        </test-method> <!-- runScenario -->
        <test-method is-config="true" signature="tearDownClass()[pri:0, instance:com.juaracoding.pageobject.step_definitions.TestRunnerOne@4cc451f2]" started-at="2022-09-02T16:44:39 WIB" name="tearDownClass" finished-at="2022-09-02T16:44:43 WIB" duration-ms="4637" status="PASS">
          <reporter-output>
          </reporter-output>
        </test-method> <!-- tearDownClass -->
      </class> <!-- com.juaracoding.pageobject.step_definitions.TestRunnerOne -->
    </test> <!-- Default test -->
  </suite> <!-- Default suite -->
</testng-results>
